<?xml version="1.0" encoding="UTF-8"?>
<testsuite xmlns:xsi="http://www.w3.org/2001/XMLSchema-instance" xsi:noNamespaceSchemaLocation="https://maven.apache.org/surefire/maven-surefire-plugin/xsd/surefire-test-report.xsd" name="com.pod3.player.PlayerApplicationTests" time="36.97" tests="12" errors="0" skipped="0" failures="0">
  <properties>
[...]
</properties>
  <testcase name="testJwtrepo1" classname="com.pod3.player.PlayerApplicationTests" time="0.204"/>
  <testcase name="testJwtrepo2" classname="com.pod3.player.PlayerApplicationTests" time="0.008"/>
  <testcase name="testGetAllPlayers" classname="com.pod3.player.PlayerApplicationTests" time="0.11"/>
  <testcase name="testJwtrepo" classname="com.pod3.player.PlayerApplicationTests" time="0.011"/>
  <testcase name="main" classname="com.pod3.player.PlayerApplicationTests" time="8.903"/>
  <testcase name="testGetAllPlayers1" classname="com.pod3.player.PlayerApplicationTests" time="0.009"/>
  <testcase name="testGetAllPlayers2" classname="com.pod3.player.PlayerApplicationTests" time="0.01"/>
  <testcase name="testGetAllPlayers3" classname="com.pod3.player.PlayerApplicationTests" time="0.008"/>
  <testcase name="testGetAllPlayers4" classname="com.pod3.player.PlayerApplicationTests" time="0.008"/>
  <testcase name="testGetAllPlayers5" classname="com.pod3.player.PlayerApplicationTests" time="0.016"/>
  <testcase name="testGetAllPlayers6" classname="com.pod3.player.PlayerApplicationTests" time="0"/>
  <testcase name="testGetAllPlayers7" classname="com.pod3.player.PlayerApplicationTests" time="0.008"/>
</testsuite>